<?xml version="1.0" encoding="UTF-8"?>
<testng-results ignored="0" total="1" passed="1" failed="0" skipped="0">
  <reporter-output>
  </reporter-output>
  <suite started-at="2024-06-29T13:49:49 IST" name="Default suite" finished-at="2024-06-29T13:50:19 IST" duration-ms="30080">
    <groups>
    </groups>
    <test started-at="2024-06-29T13:49:49 IST" name="Default test" finished-at="2024-06-29T13:50:19 IST" duration-ms="30080">
      <class name="My_Package.Orange_Hrm_Automation">
        <test-method is-config="true" signature="bfrtst()[pri:0, instance:My_Package.Orange_Hrm_Automation@2e3967ea]" started-at="2024-06-29T13:49:49 IST" name="bfrtst" finished-at="2024-06-29T13:50:05 IST" duration-ms="15802" status="PASS">
          <reporter-output>
          </reporter-output>
        </test-method> <!-- bfrtst -->
        <test-method signature="tc()[pri:0, instance:My_Package.Orange_Hrm_Automation@2e3967ea]" started-at="2024-06-29T13:50:05 IST" name="tc" finished-at="2024-06-29T13:50:18 IST" duration-ms="12954" status="PASS">
          <reporter-output>
          </reporter-output>
        </test-method> <!-- tc -->
        <test-method is-config="true" signature="logout()[pri:0, instance:My_Package.Orange_Hrm_Automation@2e3967ea]" started-at="2024-06-29T13:50:18 IST" name="logout" finished-at="2024-06-29T13:50:19 IST" duration-ms="1195" status="PASS">
          <reporter-output>
          </reporter-output>
        </test-method> <!-- logout -->
      </class> <!-- My_Package.Orange_Hrm_Automation -->
    </test> <!-- Default test -->
  </suite> <!-- Default suite -->
</testng-results>
