<?xml version="1.0" encoding="UTF-8"?>
<testng-results ignored="0" total="1" passed="1" failed="0" skipped="0">
  <reporter-output>
  </reporter-output>
  <suite started-at="2024-06-29T12:43:18 IST" name="Default suite" finished-at="2024-06-29T12:43:43 IST" duration-ms="25773">
    <groups>
    </groups>
    <test started-at="2024-06-29T12:43:18 IST" name="Default test" finished-at="2024-06-29T12:43:43 IST" duration-ms="25773">
      <class name="My_Package.Orange_Hrm_Automation">
        <test-method is-config="true" signature="bfrtst()[pri:0, instance:My_Package.Orange_Hrm_Automation@576d5deb]" started-at="2024-06-29T12:43:18 IST" name="bfrtst" finished-at="2024-06-29T12:43:34 IST" duration-ms="16732" status="PASS">
          <reporter-output>
          </reporter-output>
        </test-method> <!-- bfrtst -->
        <test-method signature="tc()[pri:0, instance:My_Package.Orange_Hrm_Automation@576d5deb]" started-at="2024-06-29T12:43:34 IST" name="tc" finished-at="2024-06-29T12:43:43 IST" duration-ms="8978" status="PASS">
          <reporter-output>
          </reporter-output>
        </test-method> <!-- tc -->
      </class> <!-- My_Package.Orange_Hrm_Automation -->
    </test> <!-- Default test -->
  </suite> <!-- Default suite -->
</testng-results>
